2024-12-18 22:35:35,090 - INFO - Assets path configured: /home/andre/Área de trabalho/projetoHotelCurso/assets
2024-12-18 22:35:35,090 - INFO - Starting up UDS server on /tmp/TyxLeBBLnq
2024-12-18 22:35:35,091 - INFO - Flet app has started...
2024-12-18 22:35:35,236 - INFO - App session started
2024-12-18 22:35:45,577 - INFO - Assets path configured: /home/andre/Área de trabalho/projetoHotelCurso/assets
2024-12-18 22:35:45,578 - INFO - Starting up UDS server on /tmp/TyxLeBBLnq
2024-12-18 22:35:45,578 - INFO - Flet app has started...
2024-12-18 22:35:45,722 - INFO - App session started
2024-12-18 22:50:40,373 - INFO - Assets path configured: /home/andre/Área de trabalho/projetoHotelCurso/assets
2024-12-18 22:50:40,374 - INFO - Starting up UDS server on /tmp/TyxLeBBLnq
2024-12-18 22:50:40,374 - INFO - Flet app has started...
2024-12-18 22:50:40,502 - INFO - App session started
2024-12-18 22:50:40,502 - INFO - Sistema de Gerenciamento de Reservas iniciado.
2024-12-18 22:56:29,444 - INFO - Assets path configured: /home/andre/Área de trabalho/projetoHotelCurso/assets
2024-12-18 22:56:29,445 - INFO - Starting up UDS server on /tmp/I1VJIaRfKM
2024-12-18 22:56:29,445 - INFO - Flet app has started...
2024-12-18 22:56:30,119 - INFO - App session started
2024-12-18 22:56:30,120 - INFO - Sistema de Gerenciamento de Reservas iniciado.
2024-12-18 22:56:36,162 - INFO - Usuario acessou a tela de gerenciamento de reservas
2024-12-18 22:56:40,090 - INFO - Usuario acessou a tela de gerenciamento de clientes.
2024-12-18 22:56:53,455 - INFO - Cliente adicionado Cliente André Messias Bomfim Santa Rosa Id do cliente: () Email do cliente:  Contato do cliente: 
2024-12-18 22:56:53,455 - INFO - Cliente adicionado via interface: Nome=André Messias Bomfim Santa Rosa, Telefone=, Email[, ID=.
2024-12-18 22:58:12,603 - INFO - Assets path configured: /home/andre/Área de trabalho/projetoHotelCurso/assets
2024-12-18 22:58:12,604 - INFO - Starting up UDS server on /tmp/eIMIvoo10S
2024-12-18 22:58:12,604 - INFO - Flet app has started...
2024-12-18 22:58:12,885 - INFO - App session started
2024-12-18 22:58:12,886 - INFO - Sistema de Gerenciamento de Reservas iniciado.
2024-12-18 22:58:14,440 - INFO - Usuario acessou a tela de gerenciamento de clientes.
2024-12-18 22:59:15,996 - INFO - Assets path configured: /home/andre/Área de trabalho/projetoHotelCurso/assets
2024-12-18 22:59:15,997 - INFO - Starting up UDS server on /tmp/eIMIvoo10S
2024-12-18 22:59:15,997 - INFO - Flet app has started...
2024-12-18 22:59:16,063 - INFO - App session started
2024-12-18 22:59:16,064 - INFO - Sistema de Gerenciamento de Reservas iniciado.
2024-12-18 22:59:21,990 - INFO - Usuario acessou a tela de gerenciamento de clientes.
2024-12-18 22:59:48,259 - INFO - Assets path configured: /home/andre/Área de trabalho/projetoHotelCurso/assets
2024-12-18 22:59:48,260 - INFO - Starting up UDS server on /tmp/eIMIvoo10S
2024-12-18 22:59:48,260 - INFO - Flet app has started...
2024-12-18 22:59:48,383 - INFO - App session started
2024-12-18 22:59:48,383 - INFO - Sistema de Gerenciamento de Reservas iniciado.
2024-12-19 09:37:24,367 - INFO - Assets path configured: /home/andre/Área de trabalho/projetoHotelCurso/assets
2024-12-19 09:37:24,368 - INFO - Starting up UDS server on /tmp/ltCBi6wImU
2024-12-19 09:37:24,369 - INFO - Flet app has started...
2024-12-19 09:37:25,129 - INFO - App session started
2024-12-19 09:37:25,130 - INFO - Sistema de Gerenciamento de Reservas iniciado.
2024-12-19 09:38:41,341 - INFO - Usuario acessou a tela de gerenciamento de reservas
2024-12-19 09:38:43,381 - INFO - Usuario acessou a tela de gerenciamento de clientes.
2024-12-20 20:16:52,884 - INFO - Assets path configured: /home/andre/Área de trabalho/projetoHotelCurso/assets
2024-12-20 20:16:52,885 - INFO - Starting up UDS server on /tmp/Z5wBBujLUV
2024-12-20 20:16:52,886 - INFO - Flet app has started...
2024-12-20 20:16:53,654 - INFO - App session started
2024-12-20 20:16:53,654 - INFO - Sistema de Gerenciamento de Reservas iniciado.
2024-12-20 20:21:37,821 - INFO - Assets path configured: /home/andre/Área de trabalho/projetoHotelCurso/assets
2024-12-20 20:21:37,822 - INFO - Starting up UDS server on /tmp/WCpFkDnoG8
2024-12-20 20:21:37,822 - INFO - Flet app has started...
2024-12-20 20:21:38,312 - INFO - App session started
2024-12-20 20:21:38,313 - INFO - Sistema de Gerenciamento de Reservas iniciado.
